Model successfully read and processed
Meshing constraints read successfully.
(0) Surface Meshing started
(1) Small Feature Detection started
(1) 25% completed
(1) 50% completed
(1) 75% completed
(2) Detect Close Edges started
(2) 25% completed
(2) 50% completed
(2) 75% completed
(2) 100% completed
(2) Detect Close Edges finished: CPU time: 0.015625 s, clock time: 0.115 s
(1) 100% completed
(1) Small Feature Detection finished: CPU time: 0.015625 s, clock time: 0.133 s
(1) Structured Meshing started
Number of 3D Boundary Layers identified: 85
(1) Structured Meshing finished: CPU time: 0 s, clock time: 0.002 s
(1) Face Meshing started
(1) Face Meshing 1/89
tag = 1, type = Plane -> CFdesign ID = 1
(1) Face Meshing 2/89
tag = 2, type = Plane -> CFdesign ID = 2
(1) Face Meshing 3/89
tag = 3, type = Plane -> CFdesign ID = 3
(1) Face Meshing 4/89
tag = 4, type = Plane -> CFdesign ID = 4
(1) Face Meshing 5/89
tag = 5, type = Unknown -> CFdesign ID = 5
(1) Face Meshing 6/89
tag = 6, type = Plane -> CFdesign ID = 6
(1) Face Meshing 7/89
tag = 7, type = Plane -> CFdesign ID = 7
(1) Face Meshing 8/89
tag = 8, type = Plane -> CFdesign ID = 8
(1) Face Meshing 9/89
tag = 9, type = Plane -> CFdesign ID = 9
(1) Face Meshing 10/89
tag = 10, type = Plane -> CFdesign ID = 10
(1) Face Meshing 11/89
tag = 11, type = Plane -> CFdesign ID = 11
(1) Face Meshing 12/89
tag = 12, type = Plane -> CFdesign ID = 12
(1) Face Meshing 13/89
tag = 13, type = Plane -> CFdesign ID = 13
(1) Face Meshing 14/89
tag = 14, type = Plane -> CFdesign ID = 14
(1) Face Meshing 15/89
tag = 15, type = Plane -> CFdesign ID = 15
(1) Face Meshing 16/89
tag = 16, type = Plane -> CFdesign ID = 16
(1) Face Meshing 17/89
tag = 17, type = Plane -> CFdesign ID = 17
(1) Face Meshing 18/89
tag = 18, type = Plane -> CFdesign ID = 18
(1) Face Meshing 19/89
tag = 19, type = Plane -> CFdesign ID = 19
(1) Face Meshing 20/89
tag = 20, type = Plane -> CFdesign ID = 20
(1) Face Meshing 21/89
tag = 21, type = Plane -> CFdesign ID = 21
(1) Face Meshing 22/89
tag = 22, type = Plane -> CFdesign ID = 22
(1) Face Meshing 23/89
tag = 23, type = Plane -> CFdesign ID = 23
(1) Face Meshing 24/89
tag = 24, type = Plane -> CFdesign ID = 24
(1) Face Meshing 25/89
tag = 25, type = Plane -> CFdesign ID = 25
(1) Face Meshing 26/89
tag = 26, type = Plane -> CFdesign ID = 26
(1) Face Meshing 27/89
tag = 27, type = Plane -> CFdesign ID = 27
(1) Face Meshing 28/89
tag = 28, type = Plane -> CFdesign ID = 28
(1) Face Meshing 29/89
tag = 29, type = Plane -> CFdesign ID = 29
(1) Face Meshing 30/89
tag = 30, type = Plane -> CFdesign ID = 30
(1) Face Meshing 31/89
tag = 31, type = Plane -> CFdesign ID = 31
(1) Face Meshing 32/89
tag = 32, type = Plane -> CFdesign ID = 32
(1) Face Meshing 33/89
tag = 33, type = Plane -> CFdesign ID = 33
(1) Face Meshing 34/89
tag = 34, type = Plane -> CFdesign ID = 34
(1) Face Meshing 35/89
tag = 35, type = Plane -> CFdesign ID = 35
(1) Face Meshing 36/89
tag = 36, type = Plane -> CFdesign ID = 36
(1) Face Meshing 37/89
tag = 37, type = Plane -> CFdesign ID = 37
(1) Face Meshing 38/89
tag = 38, type = Plane -> CFdesign ID = 38
(1) Face Meshing 39/89
tag = 39, type = Plane -> CFdesign ID = 39
(1) Face Meshing 40/89
tag = 40, type = Plane -> CFdesign ID = 40
(1) Face Meshing 41/89
tag = 41, type = Plane -> CFdesign ID = 41
(1) Face Meshing 42/89
tag = 42, type = Plane -> CFdesign ID = 42
(1) Face Meshing 43/89
tag = 43, type = Plane -> CFdesign ID = 43
(1) Face Meshing 44/89
tag = 44, type = Plane -> CFdesign ID = 44
(1) Face Meshing 45/89
tag = 45, type = Plane -> CFdesign ID = 45
(1) Face Meshing 46/89
tag = 46, type = Plane -> CFdesign ID = 46
(1) Face Meshing 47/89
tag = 47, type = Plane -> CFdesign ID = 47
(1) Face Meshing 48/89
tag = 48, type = Plane -> CFdesign ID = 48
(1) Face Meshing 49/89
tag = 49, type = Plane -> CFdesign ID = 49
(1) Face Meshing 50/89
tag = 50, type = Plane -> CFdesign ID = 50
(1) Face Meshing 51/89
tag = 51, type = Plane -> CFdesign ID = 51
(1) Face Meshing 52/89
tag = 52, type = Plane -> CFdesign ID = 52
(1) Face Meshing 53/89
tag = 53, type = Plane -> CFdesign ID = 53
(1) Face Meshing 54/89
tag = 54, type = Plane -> CFdesign ID = 54
(1) Face Meshing 55/89
tag = 55, type = Unknown -> CFdesign ID = 55
(1) Face Meshing 56/89
tag = 56, type = Plane -> CFdesign ID = 56
(1) Face Meshing 57/89
tag = 57, type = Unknown -> CFdesign ID = 57
(1) Face Meshing 58/89
tag = 58, type = Plane -> CFdesign ID = 58
(1) Face Meshing 59/89
tag = 59, type = Unknown -> CFdesign ID = 59
(1) Face Meshing 60/89
tag = 60, type = Plane -> CFdesign ID = 60
(1) Face Meshing 61/89
tag = 61, type = Unknown -> CFdesign ID = 61
(1) Face Meshing 62/89
tag = 62, type = Plane -> CFdesign ID = 62
(1) Face Meshing 63/89
tag = 63, type = Unknown -> CFdesign ID = 63
(1) Face Meshing 64/89
tag = 64, type = Plane -> CFdesign ID = 64
(1) Face Meshing 65/89
tag = 65, type = Unknown -> CFdesign ID = 65
(1) Face Meshing 66/89
tag = 66, type = Plane -> CFdesign ID = 66
(1) Face Meshing 67/89
tag = 67, type = Plane -> CFdesign ID = 67
(1) Face Meshing 68/89
tag = 68, type = Plane -> CFdesign ID = 68
(1) Face Meshing 69/89
tag = 69, type = Plane -> CFdesign ID = 69
(1) Face Meshing 70/89
tag = 70, type = Plane -> CFdesign ID = 70
(1) Face Meshing 71/89
tag = 71, type = Plane -> CFdesign ID = 71
(1) Face Meshing 72/89
tag = 72, type = Plane -> CFdesign ID = 72
(1) Face Meshing 73/89
tag = 73, type = Plane -> CFdesign ID = 73
(1) Face Meshing 74/89
tag = 74, type = Plane -> CFdesign ID = 74
(1) Face Meshing 75/89
tag = 75, type = Plane -> CFdesign ID = 75
(1) Face Meshing 76/89
tag = 76, type = Plane -> CFdesign ID = 76
(1) Face Meshing 77/89
tag = 77, type = Plane -> CFdesign ID = 77
(1) Face Meshing 78/89
tag = 78, type = Unknown -> CFdesign ID = 78
(1) Face Meshing 79/89
tag = 79, type = Unknown -> CFdesign ID = 79
(1) Face Meshing 80/89
tag = 80, type = Nurb -> CFdesign ID = 80
(1) Face Meshing 81/89
tag = 81, type = Unknown -> CFdesign ID = 81
(1) Face Meshing 82/89
tag = 82, type = Plane -> CFdesign ID = 82
(1) Face Meshing 83/89
tag = 83, type = Nurb -> CFdesign ID = 83
(1) Face Meshing 84/89
tag = 84, type = Plane -> CFdesign ID = 84
(1) Face Meshing 85/89
tag = 85, type = Plane -> CFdesign ID = 85
(1) Face Meshing 86/89
tag = 86, type = Plane -> CFdesign ID = 86
(1) Face Meshing 87/89
tag = 87, type = Plane -> CFdesign ID = 87
(1) Face Meshing 88/89
tag = 88, type = Plane -> CFdesign ID = 88
(1) Face Meshing 89/89
tag = 89, type = Plane -> CFdesign ID = 89
(1) Face Meshing finished: CPU time: 0.265625 s, clock time: 1.384 s
(1) Structured Meshing started
(1) Structured Meshing finished: CPU time: 0 s, clock time: 0.006 s
(1) Surface Mesh Improver started
(2) Surface Mesh Improvement started
(2) 25% completed
(2) Surface Mesh Improvement finished: CPU time: 0 s, clock time: 0.025 s
(2) Surface Smoothing started
(2) 25% completed
(2) 50% completed
(2) 75% completed
(2) Surface Smoothing finished: CPU time: 0.09375 s, clock time: 0.202 s
(2) Fix Surface Intersections started
(2) Fix Surface Intersections finished: CPU time: 0.078125 s, clock time: 0.328 s
(1) Surface Mesh Improver finished: CPU time: 0.171875 s, clock time: 0.561 s
(0) Surface Meshing finished: CPU time: 0.453125 s, clock time: 2.136 s
  Nodal Aspect Ratio Summary
Surface 1: 1.84931
Surface 2: 112.319
Surface 3: 112.319
Surface 4: 91.8975
Surface 5: 2.3349
Surface 6: 2.96799
Surface 7: 2.14201
Surface 8: 2.1712
Surface 9: 2.73425
Surface 10: 91.9093
Surface 11: 2.39815
Surface 12: 2.44337
Surface 13: 2.00699
Surface 14: 1.98671
Surface 15: 2.61386
Surface 16: 6.10902
Surface 17: 6.55923
Surface 18: 6.55923
Surface 19: 2.47782
Surface 20: 2.05515
Surface 21: 2.41878
Surface 22: 2.77664
Surface 23: 2.77664
Surface 24: 2.24078
Surface 25: 2.44337
Surface 26: 2.03089
Surface 27: 2.29285
Surface 28: 2.60032
Surface 29: 7.29487
Surface 30: 7.30595
Surface 31: 7.30595
Surface 32: 2.52814
Surface 33: 2.03585
Surface 34: 1.97909
Surface 35: 2.81733
Surface 36: 2.81733
Surface 37: 129.344
Surface 38: 101.71
Surface 39: 27.7606
Surface 40: 40.536
Surface 41: 143.768
Surface 42: 112.319
Surface 43: 28.795
Surface 44: 38.8444
Surface 45: 102.121
Surface 46: 112.319
Surface 47: 38.1679
Surface 48: 40.3301
Surface 49: 143.641
Surface 50: 98.1364
Surface 51: 26.9573
Surface 52: 3.49073
Surface 53: 33.5934
Surface 54: 2.38056
Surface 55: 3.08917
Surface 56: 2.93473
Surface 57: 2.20424
Surface 58: 2.01055
Surface 59: 1.80603
Surface 60: 1.92749
Surface 61: 1.79166
Surface 62: 1.93597
Surface 63: 1.82179
Surface 64: 2.08414
Surface 65: 2.08414
Surface 66: 9.53754
Surface 67: 9.53754
Surface 68: 9.53682
Surface 69: 9.53682
Surface 70: 4.83433
Surface 71: 9.53754
Surface 72: 16.8287
Surface 73: 9.53754
Surface 74: 12.4451
Surface 75: 12.4451
Surface 76: 4.83433
Surface 77: 16.8287
Surface 78: 143.768
Surface 79: 2.37669
Surface 80: 3.28591
Surface 81: 2.09604
Surface 82: 2.05739
Surface 83: 3.15755
Surface 84: 2.89061
Surface 85: 2.56858
Surface 86: 2.89061
Surface 87: 2.37169
Surface 88: 3.29286
Surface 89: 2.59869
Maximum nodal aspect ratio: 143.768
(0) Volume Meshing started
(1) Structured Meshing started
Number of 3D Boundary Layers identified: 85
Number of BL regions estimated = 50292
Boundary Layer meshing
Finding growth curves...
Checking boundary growth curves...
Checking intersecting layers...
Edge triangulation
Face triangulation
(2) Adapting Mesh started
Iteration 1: Normalized edge length range: 2.19246 .. 0.526696
Iteration 2: Normalized edge length range: 1.64204 .. 0.570614
Final normalized edge length range: 1.44735 .. 0.467931
(2) Adapting Mesh finished: CPU time: 0 s, clock time: 0.022 s
(2) Fix Surface Intersections started
(2) Fix Surface Intersections finished: CPU time: 0.046875 s, clock time: 0.384 s
Region triangulation
Number of BL regions created = 50292
(1) Structured Meshing finished: CPU time: 0.625 s, clock time: 3.137 s
(1) Creating volume mesh started
(1) Creating volume mesh finished: CPU time: 1.9375 s, clock time: 8.062 s
(1) Adapting Mesh started
Iteration 1: Normalized edge length range: 3.3471 .. 0.100657
Iteration 2: Normalized edge length range: 2.51029 .. 0.100657
Iteration 3: Normalized edge length range: 1.88269 .. 0.100657
Final normalized edge length range: 1.45 .. 0.100657
(1) Adapting Mesh finished: CPU time: 1.35938 s, clock time: 5.476 s
(1) Volume Mesh Improver started
(2) Volume Optimization started
(2) Volume Optimization finished: CPU time: 0.296875 s, clock time: 1.077 s
(2) Volume Smoothing started
(2) 25% completed
(2) 50% completed
(2) 75% completed
(2) Volume Smoothing finished: CPU time: 0.4375 s, clock time: 2.316 s
(1) Volume Mesh Improver finished: CPU time: 0.796875 s, clock time: 3.593 s
(0) Volume Meshing finished: CPU time: 4.71875 s, clock time: 20.311 s
Volume meshing peak memory usage is 326.881 MBytes.
Mesh Statistics
Node count: 62431
Element count: 257383
Minimum element volume: 6.81592e-06
Maximum element volume: 20.7637
Total model volume: 35548.8
  Nodal Aspect Ratio Summary
Surface 1: 76.9613
Surface 2: 180.126
Surface 3: 180.126
Surface 4: 147.606
Surface 5: 113.1
Surface 6: 100.367
Surface 7: 72.4352
Surface 8: 73.4222
Surface 9: 92.4625
Surface 10: 147.594
Surface 11: 31.3832
Surface 12: 26.514
Surface 13: 23.3333
Surface 14: 25.6233
Surface 15: 31.0814
Surface 16: 47.8463
Surface 17: 47.8463
Surface 18: 47.4295
Surface 19: 30.0845
Surface 20: 26.5041
Surface 21: 23.3828
Surface 22: 29.3503
Surface 23: 29.7078
Surface 24: 34.8697
Surface 25: 28.2302
Surface 26: 27.0941
Surface 27: 25.6028
Surface 28: 31.1235
Surface 29: 41.5599
Surface 30: 42.931
Surface 31: 42.931
Surface 32: 30.3456
Surface 33: 26.2552
Surface 34: 23.2551
Surface 35: 34.209
Surface 36: 38.1905
Surface 37: 211.979
Surface 38: 184.46
Surface 39: 134.16
Surface 40: 163.952
Surface 41: 230.593
Surface 42: 211.979
Surface 43: 154.889
Surface 44: 154.78
Surface 45: 205.008
Surface 46: 180.72
Surface 47: 159.772
Surface 48: 158.339
Surface 49: 230.389
Surface 50: 188.903
Surface 51: 136.359
Surface 52: 151.108
Surface 53: 128.87
Surface 54: 92.2703
Surface 55: 98.4696
Surface 56: 92.5611
Surface 57: 86.8774
Surface 58: 104.579
Surface 59: 104.579
Surface 60: 97.3016
Surface 61: 90.2223
Surface 62: 94.0622
Surface 63: 83.7774
Surface 64: 94.5595
Surface 65: 94.5595
Surface 66: 11.0116
Surface 67: 33.205
Surface 68: 13.68
Surface 69: 46.5374
Surface 70: 29.6622
Surface 71: 43.8849
Surface 72: 18.2818
Surface 73: 35.999
Surface 74: 15.023
Surface 75: 48.1872
Surface 76: 35.783
Surface 77: 36.6119
Surface 78: 230.593
Surface 79: 170.947
Surface 80: 167.399
Surface 81: 177.88
Surface 82: 7.0115
Surface 83: 7.03932
Surface 84: 41.5395
Surface 85: 20.4928
Surface 86: 41.5395
Surface 87: 22.6668
Surface 88: 38.537
Surface 89: 40.6997
Maximum nodal aspect ratio: 230.593
Meshing concluded.
setUpwardAdjacencies = 0.58 sec
interpolateExtrudedFaces = 0.01 sec
interpolatePeriodicFaces = 0.00 sec
addPeripheralFaces = 0.00 sec
replicateMovingRegions = 0.00 sec
splitFluidSolidInterfaces = 0.00 sec
removeUnreferencedVertices = 0.00 sec
Time to write model = 0.01 sec
Time to write mesh = 0.25 sec
Time to write GBI = 1.17 sec
Time to free model entity memory = 0.00 sec
Time to delete database = 0.13 sec
